06:33:27 **** Clean-only build of configuration Debug for project UART ****
make clean 
rm -rf  ./MCAL/UART/UART.o  ./APP/APP.o  ./main.o  sizedummy  UART.lss  ./MCAL/UART/UART.d  ./APP/APP.d  ./main.d  UART.elf
 
06:34:06 **** Build of configuration Debug for project UART ****
make all 
Building file: ../MCAL/UART/UART.c
Invoking: AVR Compiler
avr-gcc -I"C:\Users\Micheal-Onsy\Desktop\delivery\1- Uart_Task1\UART\APP" -I"C:\Users\Micheal-Onsy\Desktop\delivery\1- Uart_Task1\UART\HAL" -I"C:\Users\Micheal-Onsy\Desktop\delivery\1- Uart_Task1\UART\LIBRARY" -I"C:\Users\Micheal-Onsy\Desktop\delivery\1- Uart_Task1\UART\MCAL\UART" -Wall -g2 -gstabs -O0 -fpack-struct -fshort-enums -ffunction-sections -fdata-sections -std=gnu99 -funsigned-char -funsigned-bitfields -mmcu=atmega32 -DF_CPU=8000000UL -MMD -MP -MF"MCAL/UART/UART.d" -MT"MCAL/UART/UART.o" -c -o "MCAL/UART/UART.o" "../MCAL/UART/UART.c"
In file included from C:\Users\Micheal-Onsy\Desktop\delivery\1- Uart_Task1\UART\LIBRARY/Std_type.h:10,
                 from ../MCAL/UART/UART.h:10,
                 from ../MCAL/UART/UART.c:7:
c:/winavr-20100110/lib/gcc/../../avr/include/avr/delay.h:36:2: warning: #warning "This file has been moved to <util/delay.h>."
In file included from c:/winavr-20100110/lib/gcc/../../avr/include/avr/delay.h:37,
                 from C:\Users\Micheal-Onsy\Desktop\delivery\1- Uart_Task1\UART\LIBRARY/Std_type.h:10,
                 from ../MCAL/UART/UART.h:10,
                 from ../MCAL/UART/UART.c:7:
c:/winavr-20100110/lib/gcc/../../avr/include/util/delay.h:90:3: warning: #warning "Compiler optimizations disabled; functions from <util/delay.h> won't work as designed"
Finished building: ../MCAL/UART/UART.c
 
Building file: ../APP/APP.c
Invoking: AVR Compiler
avr-gcc -I"C:\Users\Micheal-Onsy\Desktop\delivery\1- Uart_Task1\UART\APP" -I"C:\Users\Micheal-Onsy\Desktop\delivery\1- Uart_Task1\UART\HAL" -I"C:\Users\Micheal-Onsy\Desktop\delivery\1- Uart_Task1\UART\LIBRARY" -I"C:\Users\Micheal-Onsy\Desktop\delivery\1- Uart_Task1\UART\MCAL\UART" -Wall -g2 -gstabs -O0 -fpack-struct -fshort-enums -ffunction-sections -fdata-sections -std=gnu99 -funsigned-char -funsigned-bitfields -mmcu=atmega32 -DF_CPU=8000000UL -MMD -MP -MF"APP/APP.d" -MT"APP/APP.o" -c -o "APP/APP.o" "../APP/APP.c"
In file included from C:\Users\Micheal-Onsy\Desktop\delivery\1- Uart_Task1\UART\LIBRARY/Std_type.h:10,
                 from C:\Users\Micheal-Onsy\Desktop\delivery\1- Uart_Task1\UART\MCAL\UART/UART.h:10,
                 from ../APP/APP.h:11,
                 from ../APP/APP.c:7:
c:/winavr-20100110/lib/gcc/../../avr/include/avr/delay.h:36:2: warning: #warning "This file has been moved to <util/delay.h>."
In file included from c:/winavr-20100110/lib/gcc/../../avr/include/avr/delay.h:37,
                 from C:\Users\Micheal-Onsy\Desktop\delivery\1- Uart_Task1\UART\LIBRARY/Std_type.h:10,
                 from C:\Users\Micheal-Onsy\Desktop\delivery\1- Uart_Task1\UART\MCAL\UART/UART.h:10,
                 from ../APP/APP.h:11,
                 from ../APP/APP.c:7:
c:/winavr-20100110/lib/gcc/../../avr/include/util/delay.h:90:3: warning: #warning "Compiler optimizations disabled; functions from <util/delay.h> won't work as designed"
Finished building: ../APP/APP.c
 
Building file: ../main.c
Invoking: AVR Compiler
avr-gcc -I"C:\Users\Micheal-Onsy\Desktop\delivery\1- Uart_Task1\UART\APP" -I"C:\Users\Micheal-Onsy\Desktop\delivery\1- Uart_Task1\UART\HAL" -I"C:\Users\Micheal-Onsy\Desktop\delivery\1- Uart_Task1\UART\LIBRARY" -I"C:\Users\Micheal-Onsy\Desktop\delivery\1- Uart_Task1\UART\MCAL\UART" -Wall -g2 -gstabs -O0 -fpack-struct -fshort-enums -ffunction-sections -fdata-sections -std=gnu99 -funsigned-char -funsigned-bitfields -mmcu=atmega32 -DF_CPU=8000000UL -MMD -MP -MF"main.d" -MT"main.o" -c -o "main.o" "../main.c"
In file included from C:\Users\Micheal-Onsy\Desktop\delivery\1- Uart_Task1\UART\LIBRARY/Std_type.h:10,
                 from C:\Users\Micheal-Onsy\Desktop\delivery\1- Uart_Task1\UART\MCAL\UART/UART.h:10,
                 from C:\Users\Micheal-Onsy\Desktop\delivery\1- Uart_Task1\UART\APP/APP.h:11,
                 from ../main.c:8:
c:/winavr-20100110/lib/gcc/../../avr/include/avr/delay.h:36:2: warning: #warning "This file has been moved to <util/delay.h>."
In file included from c:/winavr-20100110/lib/gcc/../../avr/include/avr/delay.h:37,
                 from C:\Users\Micheal-Onsy\Desktop\delivery\1- Uart_Task1\UART\LIBRARY/Std_type.h:10,
                 from C:\Users\Micheal-Onsy\Desktop\delivery\1- Uart_Task1\UART\MCAL\UART/UART.h:10,
                 from C:\Users\Micheal-Onsy\Desktop\delivery\1- Uart_Task1\UART\APP/APP.h:11,
                 from ../main.c:8:
c:/winavr-20100110/lib/gcc/../../avr/include/util/delay.h:90:3: warning: #warning "Compiler optimizations disabled; functions from <util/delay.h> won't work as designed"
Finished building: ../main.c
 
Building target: UART.elf
Invoking: AVR C Linker
avr-gcc -Wl,-Map,UART.map -mmcu=atmega32 -o "UART.elf"  ./MCAL/UART/UART.o  ./APP/APP.o  ./main.o   
Finished building target: UART.elf
 
Invoking: AVR Create Extended Listing
avr-objdump -h -S UART.elf  >"UART.lss"
Finished building: UART.lss
 
Invoking: Print Size
avr-size --format=avr --mcu=atmega32 UART.elf
AVR Memory Usage
----------------
Device: atmega32

Program:    4454 bytes (13.6% Full)
(.text + .data + .bootloader)

Data:        284 bytes (13.9% Full)
(.data + .bss + .noinit)


Finished building: sizedummy
 
20:16:59 **** Build of configuration Debug for project UART ****
make all 
Building file: ../MCAL/UART/UART.c
Invoking: AVR Compiler
avr-gcc -Wall -g2 -gstabs -O0 -fpack-struct -fshort-enums -ffunction-sections -fdata-sections -std=gnu99 -funsigned-char -funsigned-bitfields -mmcu=atmega32 -DF_CPU=8000000UL -MMD -MP -MF"MCAL/UART/UART.d" -MT"MCAL/UART/UART.o" -c -o "MCAL/UART/UART.o" "../MCAL/UART/UART.c"
In file included from ../MCAL/UART/UART.c:7:
../MCAL/UART/UART.h:10:22: error: Std_type.h: No such file or directory
../MCAL/UART/UART.h:11:27: error: common_macros.h: No such file or directory
../MCAL/UART/UART.h:12:22: error: Register.h: No such file or directory
In file included from ../MCAL/UART/UART.c:7:
../MCAL/UART/UART.h:54: error: expected '=', ',', ';', 'asm' or '__attribute__' before 'UART_ERROR_state_t'
../MCAL/UART/UART.h:102: error: expected '=', ',', ';', 'asm' or '__attribute__' before 'UART_VidInit'
../MCAL/UART/UART.h:103: error: expected '=', ',', ';', 'asm' or '__attribute__' before 'UART_recieveByte'
../MCAL/UART/UART.h:104: error: expected '=', ',', ';', 'asm' or '__attribute__' before 'UART_sendByte'
../MCAL/UART/UART.h:105: error: expected '=', ',', ';', 'asm' or '__attribute__' before 'UART_sendString'
../MCAL/UART/UART.h:106: error: expected '=', ',', ';', 'asm' or '__attribute__' before 'UART_receiveString'
../MCAL/UART/UART.c:48: error: expected '=', ',', ';', 'asm' or '__attribute__' before 'UART_VidInit'
../MCAL/UART/UART.c:114: error: expected '=', ',', ';', 'asm' or '__attribute__' before 'UART_recieveByte'
../MCAL/UART/UART.c:131: error: expected '=', ',', ';', 'asm' or '__attribute__' before 'UART_sendByte'
../MCAL/UART/UART.c:152: error: expected '=', ',', ';', 'asm' or '__attribute__' before 'UART_sendString'
../MCAL/UART/UART.c:179: error: expected '=', ',', ';', 'asm' or '__attribute__' before 'UART_receiveString'
make: *** [MCAL/UART/UART.o] Error 1
20:18:07 **** Incremental Build of configuration Debug for project UART ****
make all 
Building file: ../MCAL/UART/UART.c
Invoking: AVR Compiler
avr-gcc -Wall -g2 -gstabs -O0 -fpack-struct -fshort-enums -ffunction-sections -fdata-sections -std=gnu99 -funsigned-char -funsigned-bitfields -mmcu=atmega32 -DF_CPU=8000000UL -MMD -MP -MF"MCAL/UART/UART.d" -MT"MCAL/UART/UART.o" -c -o "MCAL/UART/UART.o" "../MCAL/UART/UART.c"
In file included from ../MCAL/UART/../../LIBRARY/Std_type.h:10,
                 from ../MCAL/UART/UART.h:10,
                 from ../MCAL/UART/UART.c:7:
c:/winavr-20100110/lib/gcc/../../avr/include/avr/delay.h:36:2: warning: #warning "This file has been moved to <util/delay.h>."
In file included from c:/winavr-20100110/lib/gcc/../../avr/include/avr/delay.h:37,
                 from ../MCAL/UART/../../LIBRARY/Std_type.h:10,
                 from ../MCAL/UART/UART.h:10,
                 from ../MCAL/UART/UART.c:7:
c:/winavr-20100110/lib/gcc/../../avr/include/util/delay.h:90:3: warning: #warning "Compiler optimizations disabled; functions from <util/delay.h> won't work as designed"
Finished building: ../MCAL/UART/UART.c
 
Building file: ../APP/APP.c
Invoking: AVR Compiler
avr-gcc -Wall -g2 -gstabs -O0 -fpack-struct -fshort-enums -ffunction-sections -fdata-sections -std=gnu99 -funsigned-char -funsigned-bitfields -mmcu=atmega32 -DF_CPU=8000000UL -MMD -MP -MF"APP/APP.d" -MT"APP/APP.o" -c -o "APP/APP.o" "../APP/APP.c"
In file included from ../APP/APP.c:7:
../APP/APP.h:11:18: error: UART.h: No such file or directory
In file included from ../APP/APP.c:7:
../APP/APP.h:15: error: expected '=', ',', ';', 'asm' or '__attribute__' before 'AppInit'
../APP/APP.h:16: error: expected '=', ',', ';', 'asm' or '__attribute__' before 'AppUpdate'
../APP/APP.c:10: error: expected '=', ',', ';', 'asm' or '__attribute__' before 'gu8_ReceiverBuffer'
../APP/APP.c: In function 'AppInit':
../APP/APP.c:15: error: 'UART_Config' undeclared (first use in this function)
../APP/APP.c:15: error: (Each undeclared identifier is reported only once
../APP/APP.c:15: error: for each function it appears in.)
../APP/APP.c:15: error: expected ';' before 'config'
../APP/APP.c:16: warning: implicit declaration of function 'UART_VidInit'
../APP/APP.c:16: error: 'config' undeclared (first use in this function)
../APP/APP.c: In function 'AppUpdate':
../APP/APP.c:20: warning: implicit declaration of function 'UART_receiveString'
../APP/APP.c:20: error: 'gu8_ReceiverBuffer' undeclared (first use in this function)
../APP/APP.c:21: warning: implicit declaration of function 'UART_sendString'
../APP/APP.c:22: warning: implicit declaration of function 'UART_sendByte'
make: *** [APP/APP.o] Error 1
20:19:47 **** Incremental Build of configuration Debug for project UART ****
make all 
Building file: ../APP/APP.c
Invoking: AVR Compiler
avr-gcc -Wall -g2 -gstabs -O0 -fpack-struct -fshort-enums -ffunction-sections -fdata-sections -std=gnu99 -funsigned-char -funsigned-bitfields -mmcu=atmega32 -DF_CPU=8000000UL -MMD -MP -MF"APP/APP.d" -MT"APP/APP.o" -c -o "APP/APP.o" "../APP/APP.c"
In file included from ../APP/../MCAL/UART/../../LIBRARY/Std_type.h:10,
                 from ../APP/../MCAL/UART/UART.h:10,
                 from ../APP/APP.h:11,
                 from ../APP/APP.c:7:
c:/winavr-20100110/lib/gcc/../../avr/include/avr/delay.h:36:2: warning: #warning "This file has been moved to <util/delay.h>."
In file included from c:/winavr-20100110/lib/gcc/../../avr/include/avr/delay.h:37,
                 from ../APP/../MCAL/UART/../../LIBRARY/Std_type.h:10,
                 from ../APP/../MCAL/UART/UART.h:10,
                 from ../APP/APP.h:11,
                 from ../APP/APP.c:7:
c:/winavr-20100110/lib/gcc/../../avr/include/util/delay.h:90:3: warning: #warning "Compiler optimizations disabled; functions from <util/delay.h> won't work as designed"
../APP/APP.c:13: error: conflicting types for 'AppInit'
../APP/APP.h:15: error: previous declaration of 'AppInit' was here
../APP/APP.c:18: error: conflicting types for 'AppUpdate'
../APP/APP.h:16: error: previous declaration of 'AppUpdate' was here
make: *** [APP/APP.o] Error 1
20:21:01 **** Incremental Build of configuration Debug for project UART ****
make all 
Building file: ../APP/APP.c
Invoking: AVR Compiler
avr-gcc -Wall -g2 -gstabs -O0 -fpack-struct -fshort-enums -ffunction-sections -fdata-sections -std=gnu99 -funsigned-char -funsigned-bitfields -mmcu=atmega32 -DF_CPU=8000000UL -MMD -MP -MF"APP/APP.d" -MT"APP/APP.o" -c -o "APP/APP.o" "../APP/APP.c"
In file included from ../APP/../MCAL/UART/../../LIBRARY/Std_type.h:10,
                 from ../APP/../MCAL/UART/UART.h:10,
                 from ../APP/APP.h:11,
                 from ../APP/APP.c:7:
c:/winavr-20100110/lib/gcc/../../avr/include/avr/delay.h:36:2: warning: #warning "This file has been moved to <util/delay.h>."
In file included from c:/winavr-20100110/lib/gcc/../../avr/include/avr/delay.h:37,
                 from ../APP/../MCAL/UART/../../LIBRARY/Std_type.h:10,
                 from ../APP/../MCAL/UART/UART.h:10,
                 from ../APP/APP.h:11,
                 from ../APP/APP.c:7:
c:/winavr-20100110/lib/gcc/../../avr/include/util/delay.h:90:3: warning: #warning "Compiler optimizations disabled; functions from <util/delay.h> won't work as designed"
../APP/APP.c:13: error: conflicting types for 'AppInit'
../APP/APP.h:15: error: previous declaration of 'AppInit' was here
../APP/APP.c:18: error: conflicting types for 'AppUpdate'
../APP/APP.h:16: error: previous declaration of 'AppUpdate' was here
make: *** [APP/APP.o] Error 1
20:21:50 **** Incremental Build of configuration Debug for project UART ****
make all 
Building file: ../APP/APP.c
Invoking: AVR Compiler
avr-gcc -Wall -g2 -gstabs -O0 -fpack-struct -fshort-enums -ffunction-sections -fdata-sections -std=gnu99 -funsigned-char -funsigned-bitfields -mmcu=atmega32 -DF_CPU=8000000UL -MMD -MP -MF"APP/APP.d" -MT"APP/APP.o" -c -o "APP/APP.o" "../APP/APP.c"
In file included from ../APP/../MCAL/UART/../../LIBRARY/Std_type.h:10,
                 from ../APP/../MCAL/UART/UART.h:10,
                 from ../APP/APP.h:11,
                 from ../APP/APP.c:7:
c:/winavr-20100110/lib/gcc/../../avr/include/avr/delay.h:36:2: warning: #warning "This file has been moved to <util/delay.h>."
In file included from c:/winavr-20100110/lib/gcc/../../avr/include/avr/delay.h:37,
                 from ../APP/../MCAL/UART/../../LIBRARY/Std_type.h:10,
                 from ../APP/../MCAL/UART/UART.h:10,
                 from ../APP/APP.h:11,
                 from ../APP/APP.c:7:
c:/winavr-20100110/lib/gcc/../../avr/include/util/delay.h:90:3: warning: #warning "Compiler optimizations disabled; functions from <util/delay.h> won't work as designed"
../APP/APP.c:13: error: conflicting types for 'APP_Init'
../APP/APP.h:15: error: previous declaration of 'APP_Init' was here
../APP/APP.c:18: error: conflicting types for 'APP_Update'
../APP/APP.h:16: error: previous declaration of 'APP_Update' was here
make: *** [APP/APP.o] Error 1
20:22:30 **** Incremental Build of configuration Debug for project UART ****
make all 
Building file: ../APP/APP.c
Invoking: AVR Compiler
avr-gcc -Wall -g2 -gstabs -O0 -fpack-struct -fshort-enums -ffunction-sections -fdata-sections -std=gnu99 -funsigned-char -funsigned-bitfields -mmcu=atmega32 -DF_CPU=8000000UL -MMD -MP -MF"APP/APP.d" -MT"APP/APP.o" -c -o "APP/APP.o" "../APP/APP.c"
In file included from ../APP/../MCAL/UART/../../LIBRARY/Std_type.h:10,
                 from ../APP/../MCAL/UART/UART.h:10,
                 from ../APP/APP.h:11,
                 from ../APP/APP.c:7:
c:/winavr-20100110/lib/gcc/../../avr/include/avr/delay.h:36:2: warning: #warning "This file has been moved to <util/delay.h>."
In file included from c:/winavr-20100110/lib/gcc/../../avr/include/avr/delay.h:37,
                 from ../APP/../MCAL/UART/../../LIBRARY/Std_type.h:10,
                 from ../APP/../MCAL/UART/UART.h:10,
                 from ../APP/APP.h:11,
                 from ../APP/APP.c:7:
c:/winavr-20100110/lib/gcc/../../avr/include/util/delay.h:90:3: warning: #warning "Compiler optimizations disabled; functions from <util/delay.h> won't work as designed"
../APP/APP.c:13: error: conflicting types for 'APP_Init'
../APP/APP.h:15: error: previous declaration of 'APP_Init' was here
../APP/APP.c:18: error: conflicting types for 'APP_Update'
../APP/APP.h:16: error: previous declaration of 'APP_Update' was here
make: *** [APP/APP.o] Error 1
20:22:46 **** Incremental Build of configuration Debug for project UART ****
make all 
Building file: ../APP/APP.c
Invoking: AVR Compiler
avr-gcc -Wall -g2 -gstabs -O0 -fpack-struct -fshort-enums -ffunction-sections -fdata-sections -std=gnu99 -funsigned-char -funsigned-bitfields -mmcu=atmega32 -DF_CPU=8000000UL -MMD -MP -MF"APP/APP.d" -MT"APP/APP.o" -c -o "APP/APP.o" "../APP/APP.c"
In file included from ../APP/../MCAL/UART/../../LIBRARY/Std_type.h:10,
                 from ../APP/../MCAL/UART/UART.h:10,
                 from ../APP/APP.h:11,
                 from ../APP/APP.c:7:
c:/winavr-20100110/lib/gcc/../../avr/include/avr/delay.h:36:2: warning: #warning "This file has been moved to <util/delay.h>."
In file included from c:/winavr-20100110/lib/gcc/../../avr/include/avr/delay.h:37,
                 from ../APP/../MCAL/UART/../../LIBRARY/Std_type.h:10,
                 from ../APP/../MCAL/UART/UART.h:10,
                 from ../APP/APP.h:11,
                 from ../APP/APP.c:7:
c:/winavr-20100110/lib/gcc/../../avr/include/util/delay.h:90:3: warning: #warning "Compiler optimizations disabled; functions from <util/delay.h> won't work as designed"
../APP/APP.c:13: error: conflicting types for 'APP_Init'
../APP/APP.h:15: error: previous declaration of 'APP_Init' was here
../APP/APP.c:18: error: conflicting types for 'APP_Update'
../APP/APP.h:16: error: previous declaration of 'APP_Update' was here
make: *** [APP/APP.o] Error 1
20:23:02 **** Incremental Build of configuration Debug for project UART ****
make all 
Building file: ../APP/APP.c
Invoking: AVR Compiler
avr-gcc -Wall -g2 -gstabs -O0 -fpack-struct -fshort-enums -ffunction-sections -fdata-sections -std=gnu99 -funsigned-char -funsigned-bitfields -mmcu=atmega32 -DF_CPU=8000000UL -MMD -MP -MF"APP/APP.d" -MT"APP/APP.o" -c -o "APP/APP.o" "../APP/APP.c"
In file included from ../APP/../MCAL/UART/../../LIBRARY/Std_type.h:10,
                 from ../APP/../MCAL/UART/UART.h:10,
                 from ../APP/APP.h:11,
                 from ../APP/APP.c:7:
c:/winavr-20100110/lib/gcc/../../avr/include/avr/delay.h:36:2: warning: #warning "This file has been moved to <util/delay.h>."
In file included from c:/winavr-20100110/lib/gcc/../../avr/include/avr/delay.h:37,
                 from ../APP/../MCAL/UART/../../LIBRARY/Std_type.h:10,
                 from ../APP/../MCAL/UART/UART.h:10,
                 from ../APP/APP.h:11,
                 from ../APP/APP.c:7:
c:/winavr-20100110/lib/gcc/../../avr/include/util/delay.h:90:3: warning: #warning "Compiler optimizations disabled; functions from <util/delay.h> won't work as designed"
Finished building: ../APP/APP.c
 
Building file: ../main.c
Invoking: AVR Compiler
avr-gcc -Wall -g2 -gstabs -O0 -fpack-struct -fshort-enums -ffunction-sections -fdata-sections -std=gnu99 -funsigned-char -funsigned-bitfields -mmcu=atmega32 -DF_CPU=8000000UL -MMD -MP -MF"main.d" -MT"main.o" -c -o "main.o" "../main.c"
In file included from ../APP/../MCAL/UART/../../LIBRARY/Std_type.h:10,
                 from ../APP/../MCAL/UART/UART.h:10,
                 from ../APP/APP.h:11,
                 from ../main.c:8:
c:/winavr-20100110/lib/gcc/../../avr/include/avr/delay.h:36:2: warning: #warning "This file has been moved to <util/delay.h>."
In file included from c:/winavr-20100110/lib/gcc/../../avr/include/avr/delay.h:37,
                 from ../APP/../MCAL/UART/../../LIBRARY/Std_type.h:10,
                 from ../APP/../MCAL/UART/UART.h:10,
                 from ../APP/APP.h:11,
                 from ../main.c:8:
c:/winavr-20100110/lib/gcc/../../avr/include/util/delay.h:90:3: warning: #warning "Compiler optimizations disabled; functions from <util/delay.h> won't work as designed"
Finished building: ../main.c
 
Building target: UART.elf
Invoking: AVR C Linker
avr-gcc -Wl,-Map,UART.map -mmcu=atmega32 -o "UART.elf"  ./MCAL/UART/UART.o  ./APP/APP.o  ./main.o   
Finished building target: UART.elf
 
Invoking: AVR Create Extended Listing
avr-objdump -h -S UART.elf  >"UART.lss"
Finished building: UART.lss
 
Invoking: Print Size
avr-size --format=avr --mcu=atmega32 UART.elf
AVR Memory Usage
----------------
Device: atmega32

Program:    4450 bytes (13.6% Full)
(.text + .data + .bootloader)

Data:        284 bytes (13.9% Full)
(.data + .bss + .noinit)


Finished building: sizedummy
 
20:23:15 **** Incremental Build of configuration Debug for project UART ****
make all 
Invoking: Print Size
avr-size --format=avr --mcu=atmega32 UART.elf
AVR Memory Usage
----------------
Device: atmega32

Program:    4450 bytes (13.6% Full)
(.text + .data + .bootloader)

Data:        284 bytes (13.9% Full)
(.data + .bss + .noinit)


Finished building: sizedummy
 
20:36:03 **** Incremental Build of configuration Debug for project UART ****
make all 
Building file: ../MCAL/UART/UART.c
Invoking: AVR Compiler
avr-gcc -Wall -g2 -gstabs -O0 -fpack-struct -fshort-enums -ffunction-sections -fdata-sections -std=gnu99 -funsigned-char -funsigned-bitfields -mmcu=atmega32 -DF_CPU=8000000UL -MMD -MP -MF"MCAL/UART/UART.d" -MT"MCAL/UART/UART.o" -c -o "MCAL/UART/UART.o" "../MCAL/UART/UART.c"
In file included from ../MCAL/UART/../../LIBRARY/Std_type.h:11,
                 from ../MCAL/UART/UART.h:15,
                 from ../MCAL/UART/UART.c:12:
c:/winavr-20100110/lib/gcc/../../avr/include/avr/delay.h:36:2: warning: #warning "This file has been moved to <util/delay.h>."
In file included from c:/winavr-20100110/lib/gcc/../../avr/include/avr/delay.h:37,
                 from ../MCAL/UART/../../LIBRARY/Std_type.h:11,
                 from ../MCAL/UART/UART.h:15,
                 from ../MCAL/UART/UART.c:12:
c:/winavr-20100110/lib/gcc/../../avr/include/util/delay.h:90:3: warning: #warning "Compiler optimizations disabled; functions from <util/delay.h> won't work as designed"
Finished building: ../MCAL/UART/UART.c
 
Building file: ../APP/APP.c
Invoking: AVR Compiler
avr-gcc -Wall -g2 -gstabs -O0 -fpack-struct -fshort-enums -ffunction-sections -fdata-sections -std=gnu99 -funsigned-char -funsigned-bitfields -mmcu=atmega32 -DF_CPU=8000000UL -MMD -MP -MF"APP/APP.d" -MT"APP/APP.o" -c -o "APP/APP.o" "../APP/APP.c"
In file included from ../APP/../MCAL/UART/../../LIBRARY/Std_type.h:11,
                 from ../APP/../MCAL/UART/UART.h:15,
                 from ../APP/APP.h:14,
                 from ../APP/APP.c:16:
c:/winavr-20100110/lib/gcc/../../avr/include/avr/delay.h:36:2: warning: #warning "This file has been moved to <util/delay.h>."
In file included from c:/winavr-20100110/lib/gcc/../../avr/include/avr/delay.h:37,
                 from ../APP/../MCAL/UART/../../LIBRARY/Std_type.h:11,
                 from ../APP/../MCAL/UART/UART.h:15,
                 from ../APP/APP.h:14,
                 from ../APP/APP.c:16:
c:/winavr-20100110/lib/gcc/../../avr/include/util/delay.h:90:3: warning: #warning "Compiler optimizations disabled; functions from <util/delay.h> won't work as designed"
Finished building: ../APP/APP.c
 
Building file: ../main.c
Invoking: AVR Compiler
avr-gcc -Wall -g2 -gstabs -O0 -fpack-struct -fshort-enums -ffunction-sections -fdata-sections -std=gnu99 -funsigned-char -funsigned-bitfields -mmcu=atmega32 -DF_CPU=8000000UL -MMD -MP -MF"main.d" -MT"main.o" -c -o "main.o" "../main.c"
In file included from ../APP/../MCAL/UART/../../LIBRARY/Std_type.h:11,
                 from ../APP/../MCAL/UART/UART.h:15,
                 from ../APP/APP.h:14,
                 from ../main.c:10:
c:/winavr-20100110/lib/gcc/../../avr/include/avr/delay.h:36:2: warning: #warning "This file has been moved to <util/delay.h>."
In file included from c:/winavr-20100110/lib/gcc/../../avr/include/avr/delay.h:37,
                 from ../APP/../MCAL/UART/../../LIBRARY/Std_type.h:11,
                 from ../APP/../MCAL/UART/UART.h:15,
                 from ../APP/APP.h:14,
                 from ../main.c:10:
c:/winavr-20100110/lib/gcc/../../avr/include/util/delay.h:90:3: warning: #warning "Compiler optimizations disabled; functions from <util/delay.h> won't work as designed"
Finished building: ../main.c
 
Building target: UART.elf
Invoking: AVR C Linker
avr-gcc -Wl,-Map,UART.map -mmcu=atmega32 -o "UART.elf"  ./MCAL/UART/UART.o  ./APP/APP.o  ./main.o   
Finished building target: UART.elf
 
Invoking: AVR Create Extended Listing
avr-objdump -h -S UART.elf  >"UART.lss"
Finished building: UART.lss
 
Invoking: Print Size
avr-size --format=avr --mcu=atmega32 UART.elf
AVR Memory Usage
----------------
Device: atmega32

Program:    1224 bytes (3.7% Full)
(.text + .data + .bootloader)

Data:         20 bytes (1.0% Full)
(.data + .bss + .noinit)


Finished building: sizedummy
 
