21:31:10 **** Incremental Build of configuration Debug for project Traffic_Light ****
make all 
Building file: ../MCAL/UART/UART.c
Invoking: AVR Compiler
avr-gcc -Wall -g2 -gstabs -O0 -fpack-struct -fshort-enums -ffunction-sections -fdata-sections -std=gnu99 -funsigned-char -funsigned-bitfields -mmcu=atmega32 -DF_CPU=8000000UL -MMD -MP -MF"MCAL/UART/UART.d" -MT"MCAL/UART/UART.o" -c -o "MCAL/UART/UART.o" "../MCAL/UART/UART.c"
In file included from ../MCAL/UART/../../LIBRARY/Std_type.h:10,
                 from ../MCAL/UART/UART.h:20,
                 from ../MCAL/UART/UART.c:12:
c:/winavr-20100110/lib/gcc/../../avr/include/avr/delay.h:36:2: warning: #warning "This file has been moved to <util/delay.h>."
In file included from c:/winavr-20100110/lib/gcc/../../avr/include/avr/delay.h:37,
                 from ../MCAL/UART/../../LIBRARY/Std_type.h:10,
                 from ../MCAL/UART/UART.h:20,
                 from ../MCAL/UART/UART.c:12:
c:/winavr-20100110/lib/gcc/../../avr/include/util/delay.h:90:3: warning: #warning "Compiler optimizations disabled; functions from <util/delay.h> won't work as designed"
Finished building: ../MCAL/UART/UART.c
 
Building file: ../APP/APP.c
Invoking: AVR Compiler
avr-gcc -Wall -g2 -gstabs -O0 -fpack-struct -fshort-enums -ffunction-sections -fdata-sections -std=gnu99 -funsigned-char -funsigned-bitfields -mmcu=atmega32 -DF_CPU=8000000UL -MMD -MP -MF"APP/APP.d" -MT"APP/APP.o" -c -o "APP/APP.o" "../APP/APP.c"
In file included from ../APP/../MCAL/UART/../../LIBRARY/Std_type.h:10,
                 from ../APP/../MCAL/UART/UART.h:20,
                 from ../APP/APP.h:20,
                 from ../APP/APP.c:16:
c:/winavr-20100110/lib/gcc/../../avr/include/avr/delay.h:36:2: warning: #warning "This file has been moved to <util/delay.h>."
In file included from c:/winavr-20100110/lib/gcc/../../avr/include/avr/delay.h:37,
                 from ../APP/../MCAL/UART/../../LIBRARY/Std_type.h:10,
                 from ../APP/../MCAL/UART/UART.h:20,
                 from ../APP/APP.h:20,
                 from ../APP/APP.c:16:
c:/winavr-20100110/lib/gcc/../../avr/include/util/delay.h:90:3: warning: #warning "Compiler optimizations disabled; functions from <util/delay.h> won't work as designed"
../APP/APP.c: In function 'APP_Update':
../APP/APP.c:55: warning: pointer targets in passing argument 1 of 'strcmp' differ in signedness
../APP/APP.c:59: warning: pointer targets in passing argument 1 of 'strcmp' differ in signedness
../APP/APP.c:64: warning: pointer targets in passing argument 1 of 'strcmp' differ in signedness
../APP/APP.c:68: warning: pointer targets in passing argument 1 of 'strcmp' differ in signedness
../APP/APP.c:78: warning: pointer targets in passing argument 1 of 'UART_sendString' differ in signedness
../APP/APP.c:85: warning: pointer targets in passing argument 1 of 'UART_sendString' differ in signedness
../APP/APP.c:92: warning: pointer targets in passing argument 1 of 'UART_sendString' differ in signedness
../APP/APP.c:98: warning: pointer targets in passing argument 1 of 'UART_sendString' differ in signedness
../APP/APP.c:103: warning: pointer targets in passing argument 1 of 'UART_sendString' differ in signedness
Finished building: ../APP/APP.c
 
Building file: ../main.c
Invoking: AVR Compiler
avr-gcc -Wall -g2 -gstabs -O0 -fpack-struct -fshort-enums -ffunction-sections -fdata-sections -std=gnu99 -funsigned-char -funsigned-bitfields -mmcu=atmega32 -DF_CPU=8000000UL -MMD -MP -MF"main.d" -MT"main.o" -c -o "main.o" "../main.c"
In file included from ../APP/../MCAL/UART/../../LIBRARY/Std_type.h:10,
                 from ../APP/../MCAL/UART/UART.h:20,
                 from ../APP/APP.h:20,
                 from ../main.c:15:
c:/winavr-20100110/lib/gcc/../../avr/include/avr/delay.h:36:2: warning: #warning "This file has been moved to <util/delay.h>."
In file included from c:/winavr-20100110/lib/gcc/../../avr/include/avr/delay.h:37,
                 from ../APP/../MCAL/UART/../../LIBRARY/Std_type.h:10,
                 from ../APP/../MCAL/UART/UART.h:20,
                 from ../APP/APP.h:20,
                 from ../main.c:15:
c:/winavr-20100110/lib/gcc/../../avr/include/util/delay.h:90:3: warning: #warning "Compiler optimizations disabled; functions from <util/delay.h> won't work as designed"
Finished building: ../main.c
 
Building target: Traffic_Light.elf
Invoking: AVR C Linker
avr-gcc -Wl,-Map,Traffic_Light.map -mmcu=atmega32 -o "Traffic_Light.elf"  ./MCAL/UART/UART.o  ./MCAL/DIO/DIO.o  ./HAL/LED/LED.o  ./APP/APP.o  ./main.o   
Finished building target: Traffic_Light.elf
 
Invoking: AVR Create Extended Listing
avr-objdump -h -S Traffic_Light.elf  >"Traffic_Light.lss"
Finished building: Traffic_Light.lss
 
Invoking: Print Size
avr-size --format=avr --mcu=atmega32 Traffic_Light.elf
AVR Memory Usage
----------------
Device: atmega32

Program:    5076 bytes (15.5% Full)
(.text + .data + .bootloader)

Data:         84 bytes (4.1% Full)
(.data + .bss + .noinit)


Finished building: sizedummy
 

21:31:12 Build Finished (took 1s.449ms)

