06:51:20 **** Build of configuration Debug for project MC2 ****
make all 
Building file: ../MCAL/SPI/SPI.c
Invoking: AVR Compiler
avr-gcc -I"C:\Users\Micheal-Onsy\Desktop\delivery\3- SPI_Task1\MC2\APP" -I"C:\Users\Micheal-Onsy\Desktop\delivery\3- SPI_Task1\MC2\HAL" -I"C:\Users\Micheal-Onsy\Desktop\delivery\3- SPI_Task1\MC2\LIBRARY" -I"C:\Users\Micheal-Onsy\Desktop\delivery\3- SPI_Task1\MC2\MCAL\DIO" -I"C:\Users\Micheal-Onsy\Desktop\delivery\3- SPI_Task1\MC2\MCAL\SPI" -Wall -g2 -gstabs -O0 -fpack-struct -fshort-enums -ffunction-sections -fdata-sections -std=gnu99 -funsigned-char -funsigned-bitfields -mmcu=atmega32 -DF_CPU=8000000UL -MMD -MP -MF"MCAL/SPI/SPI.d" -MT"MCAL/SPI/SPI.o" -c -o "MCAL/SPI/SPI.o" "../MCAL/SPI/SPI.c"
In file included from C:\Users\Micheal-Onsy\Desktop\delivery\3- SPI_Task1\MC2\LIBRARY/Std_type.h:10,
                 from ../MCAL/SPI/SPI.h:12,
                 from ../MCAL/SPI/SPI.c:10:
c:/winavr-20100110/lib/gcc/../../avr/include/avr/delay.h:36:2: warning: #warning "This file has been moved to <util/delay.h>."
In file included from c:/winavr-20100110/lib/gcc/../../avr/include/avr/delay.h:37,
                 from C:\Users\Micheal-Onsy\Desktop\delivery\3- SPI_Task1\MC2\LIBRARY/Std_type.h:10,
                 from ../MCAL/SPI/SPI.h:12,
                 from ../MCAL/SPI/SPI.c:10:
c:/winavr-20100110/lib/gcc/../../avr/include/util/delay.h:90:3: warning: #warning "Compiler optimizations disabled; functions from <util/delay.h> won't work as designed"
Finished building: ../MCAL/SPI/SPI.c
 
Building file: ../MCAL/DIO/DIO.c
Invoking: AVR Compiler
avr-gcc -I"C:\Users\Micheal-Onsy\Desktop\delivery\3- SPI_Task1\MC2\APP" -I"C:\Users\Micheal-Onsy\Desktop\delivery\3- SPI_Task1\MC2\HAL" -I"C:\Users\Micheal-Onsy\Desktop\delivery\3- SPI_Task1\MC2\LIBRARY" -I"C:\Users\Micheal-Onsy\Desktop\delivery\3- SPI_Task1\MC2\MCAL\DIO" -I"C:\Users\Micheal-Onsy\Desktop\delivery\3- SPI_Task1\MC2\MCAL\SPI" -Wall -g2 -gstabs -O0 -fpack-struct -fshort-enums -ffunction-sections -fdata-sections -std=gnu99 -funsigned-char -funsigned-bitfields -mmcu=atmega32 -DF_CPU=8000000UL -MMD -MP -MF"MCAL/DIO/DIO.d" -MT"MCAL/DIO/DIO.o" -c -o "MCAL/DIO/DIO.o" "../MCAL/DIO/DIO.c"
In file included from C:\Users\Micheal-Onsy\Desktop\delivery\3- SPI_Task1\MC2\LIBRARY/Std_type.h:10,
                 from ../MCAL/DIO/DIO.h:22,
                 from ../MCAL/DIO/DIO.c:13:
c:/winavr-20100110/lib/gcc/../../avr/include/avr/delay.h:36:2: warning: #warning "This file has been moved to <util/delay.h>."
In file included from c:/winavr-20100110/lib/gcc/../../avr/include/avr/delay.h:37,
                 from C:\Users\Micheal-Onsy\Desktop\delivery\3- SPI_Task1\MC2\LIBRARY/Std_type.h:10,
                 from ../MCAL/DIO/DIO.h:22,
                 from ../MCAL/DIO/DIO.c:13:
c:/winavr-20100110/lib/gcc/../../avr/include/util/delay.h:90:3: warning: #warning "Compiler optimizations disabled; functions from <util/delay.h> won't work as designed"
Finished building: ../MCAL/DIO/DIO.c
 
Building file: ../APP/APP.c
Invoking: AVR Compiler
avr-gcc -I"C:\Users\Micheal-Onsy\Desktop\delivery\3- SPI_Task1\MC2\APP" -I"C:\Users\Micheal-Onsy\Desktop\delivery\3- SPI_Task1\MC2\HAL" -I"C:\Users\Micheal-Onsy\Desktop\delivery\3- SPI_Task1\MC2\LIBRARY" -I"C:\Users\Micheal-Onsy\Desktop\delivery\3- SPI_Task1\MC2\MCAL\DIO" -I"C:\Users\Micheal-Onsy\Desktop\delivery\3- SPI_Task1\MC2\MCAL\SPI" -Wall -g2 -gstabs -O0 -fpack-struct -fshort-enums -ffunction-sections -fdata-sections -std=gnu99 -funsigned-char -funsigned-bitfields -mmcu=atmega32 -DF_CPU=8000000UL -MMD -MP -MF"APP/APP.d" -MT"APP/APP.o" -c -o "APP/APP.o" "../APP/APP.c"
In file included from C:\Users\Micheal-Onsy\Desktop\delivery\3- SPI_Task1\MC2\LIBRARY/Std_type.h:10,
                 from C:\Users\Micheal-Onsy\Desktop\delivery\3- SPI_Task1\MC2\MCAL\SPI/SPI.h:12,
                 from ../APP/APP.h:11,
                 from ../APP/APP.c:7:
c:/winavr-20100110/lib/gcc/../../avr/include/avr/delay.h:36:2: warning: #warning "This file has been moved to <util/delay.h>."
In file included from c:/winavr-20100110/lib/gcc/../../avr/include/avr/delay.h:37,
                 from C:\Users\Micheal-Onsy\Desktop\delivery\3- SPI_Task1\MC2\LIBRARY/Std_type.h:10,
                 from C:\Users\Micheal-Onsy\Desktop\delivery\3- SPI_Task1\MC2\MCAL\SPI/SPI.h:12,
                 from ../APP/APP.h:11,
                 from ../APP/APP.c:7:
c:/winavr-20100110/lib/gcc/../../avr/include/util/delay.h:90:3: warning: #warning "Compiler optimizations disabled; functions from <util/delay.h> won't work as designed"
Finished building: ../APP/APP.c
 
Building file: ../main.c
Invoking: AVR Compiler
avr-gcc -I"C:\Users\Micheal-Onsy\Desktop\delivery\3- SPI_Task1\MC2\APP" -I"C:\Users\Micheal-Onsy\Desktop\delivery\3- SPI_Task1\MC2\HAL" -I"C:\Users\Micheal-Onsy\Desktop\delivery\3- SPI_Task1\MC2\LIBRARY" -I"C:\Users\Micheal-Onsy\Desktop\delivery\3- SPI_Task1\MC2\MCAL\DIO" -I"C:\Users\Micheal-Onsy\Desktop\delivery\3- SPI_Task1\MC2\MCAL\SPI" -Wall -g2 -gstabs -O0 -fpack-struct -fshort-enums -ffunction-sections -fdata-sections -std=gnu99 -funsigned-char -funsigned-bitfields -mmcu=atmega32 -DF_CPU=8000000UL -MMD -MP -MF"main.d" -MT"main.o" -c -o "main.o" "../main.c"
In file included from C:\Users\Micheal-Onsy\Desktop\delivery\3- SPI_Task1\MC2\LIBRARY/Std_type.h:10,
                 from C:\Users\Micheal-Onsy\Desktop\delivery\3- SPI_Task1\MC2\MCAL\SPI/SPI.h:12,
                 from C:\Users\Micheal-Onsy\Desktop\delivery\3- SPI_Task1\MC2\APP/APP.h:11,
                 from ../main.c:8:
c:/winavr-20100110/lib/gcc/../../avr/include/avr/delay.h:36:2: warning: #warning "This file has been moved to <util/delay.h>."
In file included from c:/winavr-20100110/lib/gcc/../../avr/include/avr/delay.h:37,
                 from C:\Users\Micheal-Onsy\Desktop\delivery\3- SPI_Task1\MC2\LIBRARY/Std_type.h:10,
                 from C:\Users\Micheal-Onsy\Desktop\delivery\3- SPI_Task1\MC2\MCAL\SPI/SPI.h:12,
                 from C:\Users\Micheal-Onsy\Desktop\delivery\3- SPI_Task1\MC2\APP/APP.h:11,
                 from ../main.c:8:
c:/winavr-20100110/lib/gcc/../../avr/include/util/delay.h:90:3: warning: #warning "Compiler optimizations disabled; functions from <util/delay.h> won't work as designed"
Finished building: ../main.c
 
Building target: MC2.elf
Invoking: AVR C Linker
avr-gcc -Wl,-Map,MC2.map -mmcu=atmega32 -o "MC2.elf"  ./MCAL/SPI/SPI.o  ./MCAL/DIO/DIO.o  ./APP/APP.o  ./main.o   
Finished building target: MC2.elf
 
Invoking: AVR Create Extended Listing
avr-objdump -h -S MC2.elf  >"MC2.lss"
Finished building: MC2.lss
 
Invoking: Print Size
avr-size --format=avr --mcu=atmega32 MC2.elf
AVR Memory Usage
----------------
Device: atmega32

Program:    3246 bytes (9.9% Full)
(.text + .data + .bootloader)

Data:          1 bytes (0.0% Full)
(.data + .bss + .noinit)


Finished building: sizedummy
 

06:51:22 Build Finished (took 2s.94ms)

