18:53:59 **** Clean-only build of configuration Debug for project UART ****
make clean 
rm -rf  ./MCAL/UART/UART.o  ./APP/APP.o  ./main.o  sizedummy  UART.lss  ./MCAL/UART/UART.d  ./APP/APP.d  ./main.d  UART.elf
 
18:54:01 **** Build of configuration Debug for project UART ****
make all 
Building file: ../MCAL/UART/UART.c
Invoking: AVR Compiler
avr-gcc -Wall -g2 -gstabs -O0 -fpack-struct -fshort-enums -ffunction-sections -fdata-sections -std=gnu99 -funsigned-char -funsigned-bitfields -mmcu=atmega32 -DF_CPU=8000000UL -MMD -MP -MF"MCAL/UART/UART.d" -MT"MCAL/UART/UART.o" -c -o "MCAL/UART/UART.o" "../MCAL/UART/UART.c"
Finished building: ../MCAL/UART/UART.c
 
Building file: ../APP/APP.c
Invoking: AVR Compiler
avr-gcc -Wall -g2 -gstabs -O0 -fpack-struct -fshort-enums -ffunction-sections -fdata-sections -std=gnu99 -funsigned-char -funsigned-bitfields -mmcu=atmega32 -DF_CPU=8000000UL -MMD -MP -MF"APP/APP.d" -MT"APP/APP.o" -c -o "APP/APP.o" "../APP/APP.c"
Finished building: ../APP/APP.c
 
Building file: ../main.c
Invoking: AVR Compiler
avr-gcc -Wall -g2 -gstabs -O0 -fpack-struct -fshort-enums -ffunction-sections -fdata-sections -std=gnu99 -funsigned-char -funsigned-bitfields -mmcu=atmega32 -DF_CPU=8000000UL -MMD -MP -MF"main.d" -MT"main.o" -c -o "main.o" "../main.c"
Finished building: ../main.c
 
Building target: UART.elf
Invoking: AVR C Linker
avr-gcc -Wl,-Map,UART.map -mmcu=atmega32 -o "UART.elf"  ./MCAL/UART/UART.o  ./APP/APP.o  ./main.o   
Finished building target: UART.elf
 
Invoking: AVR Create Extended Listing
avr-objdump -h -S UART.elf  >"UART.lss"
Finished building: UART.lss
 
Invoking: Print Size
avr-size --format=avr --mcu=atmega32 UART.elf
AVR Memory Usage
----------------
Device: atmega32

Program:    1224 bytes (3.7% Full)
(.text + .data + .bootloader)

Data:         20 bytes (1.0% Full)
(.data + .bss + .noinit)


Finished building: sizedummy
 
18:55:19 **** Incremental Build of configuration Debug for project UART ****
make all 
Invoking: Print Size
avr-size --format=avr --mcu=atmega32 UART.elf
AVR Memory Usage
----------------
Device: atmega32

Program:    1224 bytes (3.7% Full)
(.text + .data + .bootloader)

Data:         20 bytes (1.0% Full)
(.data + .bss + .noinit)


Finished building: sizedummy
 
