08:30:46 **** Clean-only build of configuration Debug for project I2c_T2 ****
make clean 
rm -rf  ./MCAL/UART/uart.o  ./MCAL/I2C/i2c.o  ./HAL/EEPROM/EEPROM.o  ./Application/App.o  ./EEPROM_test.o  sizedummy  I2c_T2.lss  ./MCAL/UART/uart.d  ./MCAL/I2C/i2c.d  ./HAL/EEPROM/EEPROM.d  ./Application/App.d  ./EEPROM_test.d  I2c_T2.elf
 
08:34:25 **** Build of configuration Debug for project I2c_T2 ****
make all 
Building file: ../MCAL/UART/uart.c
Invoking: AVR Compiler
avr-gcc -Wall -g2 -gstabs -O0 -fpack-struct -fshort-enums -ffunction-sections -fdata-sections -std=gnu99 -funsigned-char -funsigned-bitfields -mmcu=atmega32 -DF_CPU=8000000UL -MMD -MP -MF"MCAL/UART/uart.d" -MT"MCAL/UART/uart.o" -c -o "MCAL/UART/uart.o" "../MCAL/UART/uart.c"
In file included from ../MCAL/UART/../../LIBRARY/Std_type.h:11,
                 from ../MCAL/UART/UART.h:14,
                 from ../MCAL/UART/uart.c:12:
c:/winavr-20100110/lib/gcc/../../avr/include/avr/delay.h:36:2: warning: #warning "This file has been moved to <util/delay.h>."
In file included from c:/winavr-20100110/lib/gcc/../../avr/include/avr/delay.h:37,
                 from ../MCAL/UART/../../LIBRARY/Std_type.h:11,
                 from ../MCAL/UART/UART.h:14,
                 from ../MCAL/UART/uart.c:12:
c:/winavr-20100110/lib/gcc/../../avr/include/util/delay.h:90:3: warning: #warning "Compiler optimizations disabled; functions from <util/delay.h> won't work as designed"
Finished building: ../MCAL/UART/uart.c
 
Building file: ../MCAL/I2C/i2c.c
Invoking: AVR Compiler
avr-gcc -Wall -g2 -gstabs -O0 -fpack-struct -fshort-enums -ffunction-sections -fdata-sections -std=gnu99 -funsigned-char -funsigned-bitfields -mmcu=atmega32 -DF_CPU=8000000UL -MMD -MP -MF"MCAL/I2C/i2c.d" -MT"MCAL/I2C/i2c.o" -c -o "MCAL/I2C/i2c.o" "../MCAL/I2C/i2c.c"
In file included from ../MCAL/I2C/../../Library/Std_type.h:11,
                 from ../MCAL/I2C/i2c.h:18,
                 from ../MCAL/I2C/i2c.c:15:
c:/winavr-20100110/lib/gcc/../../avr/include/avr/delay.h:36:2: warning: #warning "This file has been moved to <util/delay.h>."
In file included from c:/winavr-20100110/lib/gcc/../../avr/include/avr/delay.h:37,
                 from ../MCAL/I2C/../../Library/Std_type.h:11,
                 from ../MCAL/I2C/i2c.h:18,
                 from ../MCAL/I2C/i2c.c:15:
c:/winavr-20100110/lib/gcc/../../avr/include/util/delay.h:90:3: warning: #warning "Compiler optimizations disabled; functions from <util/delay.h> won't work as designed"
Finished building: ../MCAL/I2C/i2c.c
 
Building file: ../HAL/EEPROM/EEPROM.c
Invoking: AVR Compiler
avr-gcc -Wall -g2 -gstabs -O0 -fpack-struct -fshort-enums -ffunction-sections -fdata-sections -std=gnu99 -funsigned-char -funsigned-bitfields -mmcu=atmega32 -DF_CPU=8000000UL -MMD -MP -MF"HAL/EEPROM/EEPROM.d" -MT"HAL/EEPROM/EEPROM.o" -c -o "HAL/EEPROM/EEPROM.o" "../HAL/EEPROM/EEPROM.c"
In file included from ../HAL/EEPROM/../../MCAL/I2C/../../Library/Std_type.h:11,
                 from ../HAL/EEPROM/../../MCAL/I2C/i2c.h:18,
                 from ../HAL/EEPROM/EEPROM.c:15:
c:/winavr-20100110/lib/gcc/../../avr/include/avr/delay.h:36:2: warning: #warning "This file has been moved to <util/delay.h>."
In file included from c:/winavr-20100110/lib/gcc/../../avr/include/avr/delay.h:37,
                 from ../HAL/EEPROM/../../MCAL/I2C/../../Library/Std_type.h:11,
                 from ../HAL/EEPROM/../../MCAL/I2C/i2c.h:18,
                 from ../HAL/EEPROM/EEPROM.c:15:
c:/winavr-20100110/lib/gcc/../../avr/include/util/delay.h:90:3: warning: #warning "Compiler optimizations disabled; functions from <util/delay.h> won't work as designed"
Finished building: ../HAL/EEPROM/EEPROM.c
 
Building file: ../Application/App.c
Invoking: AVR Compiler
avr-gcc -Wall -g2 -gstabs -O0 -fpack-struct -fshort-enums -ffunction-sections -fdata-sections -std=gnu99 -funsigned-char -funsigned-bitfields -mmcu=atmega32 -DF_CPU=8000000UL -MMD -MP -MF"Application/App.d" -MT"Application/App.o" -c -o "Application/App.o" "../Application/App.c"
In file included from ../Application/../MCAL/I2C/../../Library/Std_type.h:11,
                 from ../Application/../MCAL/I2C/i2c.h:18,
                 from ../Application/App.h:19,
                 from ../Application/App.c:13:
c:/winavr-20100110/lib/gcc/../../avr/include/avr/delay.h:36:2: warning: #warning "This file has been moved to <util/delay.h>."
In file included from c:/winavr-20100110/lib/gcc/../../avr/include/avr/delay.h:37,
                 from ../Application/../MCAL/I2C/../../Library/Std_type.h:11,
                 from ../Application/../MCAL/I2C/i2c.h:18,
                 from ../Application/App.h:19,
                 from ../Application/App.c:13:
c:/winavr-20100110/lib/gcc/../../avr/include/util/delay.h:90:3: warning: #warning "Compiler optimizations disabled; functions from <util/delay.h> won't work as designed"
../Application/App.c: In function 'App_Update':
../Application/App.c:44: warning: pointer targets in passing argument 1 of 'strcmp' differ in signedness
../Application/App.c:49: warning: pointer targets in passing argument 1 of 'UART_sendString' differ in signedness
../Application/App.c:53: warning: pointer targets in passing argument 1 of 'UART_sendString' differ in signedness
../Application/App.c:55: warning: pointer targets in passing argument 1 of 'strcmp' differ in signedness
../Application/App.c:60: warning: pointer targets in passing argument 1 of 'UART_sendString' differ in signedness
../Application/App.c:63: warning: pointer targets in passing argument 1 of 'UART_sendString' differ in signedness
../Application/App.c:65: warning: pointer targets in passing argument 1 of 'UART_sendString' differ in signedness
Finished building: ../Application/App.c
 
Building file: ../EEPROM_test.c
Invoking: AVR Compiler
avr-gcc -Wall -g2 -gstabs -O0 -fpack-struct -fshort-enums -ffunction-sections -fdata-sections -std=gnu99 -funsigned-char -funsigned-bitfields -mmcu=atmega32 -DF_CPU=8000000UL -MMD -MP -MF"EEPROM_test.d" -MT"EEPROM_test.o" -c -o "EEPROM_test.o" "../EEPROM_test.c"
In file included from ../Application/../MCAL/I2C/../../Library/Std_type.h:11,
                 from ../Application/../MCAL/I2C/i2c.h:18,
                 from ../Application/App.h:19,
                 from ../EEPROM_test.c:13:
c:/winavr-20100110/lib/gcc/../../avr/include/avr/delay.h:36:2: warning: #warning "This file has been moved to <util/delay.h>."
In file included from c:/winavr-20100110/lib/gcc/../../avr/include/avr/delay.h:37,
                 from ../Application/../MCAL/I2C/../../Library/Std_type.h:11,
                 from ../Application/../MCAL/I2C/i2c.h:18,
                 from ../Application/App.h:19,
                 from ../EEPROM_test.c:13:
c:/winavr-20100110/lib/gcc/../../avr/include/util/delay.h:90:3: warning: #warning "Compiler optimizations disabled; functions from <util/delay.h> won't work as designed"
Finished building: ../EEPROM_test.c
 
Building target: I2c_T2.elf
Invoking: AVR C Linker
avr-gcc -Wl,-Map,I2c_T2.map -mmcu=atmega32 -o "I2c_T2.elf"  ./MCAL/UART/uart.o  ./MCAL/I2C/i2c.o  ./HAL/EEPROM/EEPROM.o  ./Application/App.o  ./EEPROM_test.o   
Finished building target: I2c_T2.elf
 
Invoking: AVR Create Extended Listing
avr-objdump -h -S I2c_T2.elf  >"I2c_T2.lss"
Finished building: I2c_T2.lss
 
Invoking: Print Size
avr-size --format=avr --mcu=atmega32 I2c_T2.elf
AVR Memory Usage
----------------
Device: atmega32

Program:    6106 bytes (18.6% Full)
(.text + .data + .bootloader)

Data:        332 bytes (16.2% Full)
(.data + .bss + .noinit)


Finished building: sizedummy
 
