19:55:35 **** Incremental Build of configuration Debug for project Keypad ****
make all 
Building file: ../Application/App.c
Invoking: AVR Compiler
avr-gcc -Wall -g2 -gstabs -O0 -fpack-struct -fshort-enums -ffunction-sections -fdata-sections -std=gnu99 -funsigned-char -funsigned-bitfields -mmcu=atmega32 -DF_CPU=8000000UL -MMD -MP -MF"Application/App.d" -MT"Application/App.o" -c -o "Application/App.o" "../Application/App.c"
In file included from ../Application/../HAL/KEYPAD/../../LIBRARY/std_types.h:10,
                 from ../Application/../HAL/KEYPAD/keypad.h:16,
                 from ../Application/App.h:16,
                 from ../Application/App.c:13:
c:/winavr-20100110/lib/gcc/../../avr/include/util/delay.h:90:3: warning: #warning "Compiler optimizations disabled; functions from <util/delay.h> won't work as designed"
Finished building: ../Application/App.c
 
Building target: Keypad.elf
Invoking: AVR C Linker
avr-gcc -Wl,-Map,Keypad.map -mmcu=atmega32 -o "Keypad.elf"  ./MCAL/TIMER/Timer.o  ./MCAL/DIO/DIO.o  ./HAL/LCD/LCD.o  ./HAL/Keypad/keypad.o  ./Application/App.o  ./keypad_test.o   
Finished building target: Keypad.elf
 
Invoking: AVR Create Extended Listing
avr-objdump -h -S Keypad.elf  >"Keypad.lss"
Finished building: Keypad.lss
 
Invoking: Print Size
avr-size --format=avr --mcu=atmega32 Keypad.elf
AVR Memory Usage
----------------
Device: atmega32

Program:   16666 bytes (50.9% Full)
(.text + .data + .bootloader)

Data:        543 bytes (26.5% Full)
(.data + .bss + .noinit)


Finished building: sizedummy
 

19:55:37 Build Finished (took 1s.721ms)

